# Logfile created on 2012-03-15 17:19:29 +0800 by logger.rb/25413
I, [2012-03-15T17:19:29.198377 #9000]  INFO -- : job flow staring
I, [2012-03-15T17:19:29.198914 #9000]  INFO -- : job flow started, waiting for response
I, [2012-03-15T17:19:29.403688 #9000]  INFO -- : The flow has reached: 1
I, [2012-03-15T17:19:29.403771 #9000]  INFO -- : result: Hello World! Process 0 of 2 on dbrg-ibm3620-4
Hello World! Process 1 of 2 on dbrg-ibm3620-4 
I, [2012-03-15T17:32:03.626802 #9067]  INFO -- : job flow staring
I, [2012-03-15T17:32:03.627348 #9067]  INFO -- : job flow started, waiting for response
I, [2012-03-15T17:32:03.833289 #9067]  INFO -- : The flow has reached: 1
I, [2012-03-15T17:32:03.833373 #9067]  INFO -- : result: Hello World! Process 0 of 2 on dbrg-ibm3620-4
Hello World! Process 1 of 2 on dbrg-ibm3620-4 
I, [2012-03-15T17:40:44.869067 #9124]  INFO -- : job flow staring
I, [2012-03-15T17:40:44.869647 #9124]  INFO -- : job flow started, waiting for response
I, [2012-03-15T17:40:45.074542 #9124]  INFO -- : The flow has reached: 1
I, [2012-03-15T17:40:45.074624 #9124]  INFO -- : 
		lets have a
			test
			
I, [2012-03-15T17:40:45.074668 #9124]  INFO -- : result: Hello World! Process 0 of 2 on dbrg-ibm3620-4
Hello World! Process 1 of 2 on dbrg-ibm3620-4 
I, [2012-03-15T17:43:38.118494 #9174]  INFO -- : job flow staring
I, [2012-03-15T17:43:38.119078 #9174]  INFO -- : job flow started, waiting for response
I, [2012-03-15T17:43:38.221762 #9174]  INFO -- : The flow has reached: 1
I, [2012-03-15T17:43:38.221834 #9174]  INFO -- : result: 
I, [2012-03-15T17:43:38.221868 #9174]  INFO -- : Hello World! Process 0 of 2 on dbrg-ibm3620-4

I, [2012-03-15T17:43:38.221902 #9174]  INFO -- : Hello World! Process 1 of 2 on dbrg-ibm3620-4 
I, [2012-03-15T17:44:48.434058 #9219]  INFO -- : job flow staring
I, [2012-03-15T17:44:48.434641 #9219]  INFO -- : job flow started, waiting for response
I, [2012-03-15T17:44:48.641228 #9219]  INFO -- : The flow has reached: 1
I, [2012-03-15T17:44:48.641312 #9219]  INFO -- : result: 
F, [2012-03-15T17:44:48.641411 #9219] FATAL -- : undefined method `each' for #<String:0x0000001f9236e0>
I, [2012-03-15T17:45:15.649997 #9259]  INFO -- : job flow staring
I, [2012-03-15T17:45:15.650539 #9259]  INFO -- : job flow started, waiting for response
I, [2012-03-15T17:45:15.855514 #9259]  INFO -- : The flow has reached: 1
I, [2012-03-15T17:45:15.855593 #9259]  INFO -- : result: 
I, [2012-03-15T17:45:15.855638 #9259]  INFO -- : Hello World! Process 0 of 2 on dbrg-ibm3620-4

I, [2012-03-15T17:45:15.855681 #9259]  INFO -- : Hello World! Process 1 of 2 on dbrg-ibm3620-4 
I, [2012-03-15T17:52:32.850848 #9311]  INFO -- : job flow staring
I, [2012-03-15T17:52:32.851421 #9311]  INFO -- : job flow started, waiting for response
I, [2012-03-15T17:52:33.059045 #9311]  INFO -- : The flow has reached: 1
I, [2012-03-15T17:52:33.059128 #9311]  INFO -- : result: 
I, [2012-03-15T17:52:33.059176 #9311]  INFO -- : Hello World! Process 0 of 2 on dbrg-ibm3620-4
I, [2012-03-15T17:52:33.059221 #9311]  INFO -- : Hello World! Process 1 of 2 on dbrg-ibm3620-4 
I, [2012-03-15T17:54:33.177780 #9357]  INFO -- : job flow staring
I, [2012-03-15T17:54:33.178334 #9357]  INFO -- : job flow started, waiting for response
I, [2012-03-15T17:54:33.382474 #9357]  INFO -- : The flow has reached: 1
I, [2012-03-15T17:54:33.382556 #9357]  INFO -- : result: 
I, [2012-03-15T17:54:33.382605 #9357]  INFO -- : Hello World! Process 0 of 2 on dbrg-ibm3620-4
I, [2012-03-15T17:54:33.382648 #9357]  INFO -- : Hello World! Process 1 of 2 on dbrg-ibm3620-4 
